{"level":"info","message":"hey","service":"nodejs-server"}
{"level":"info","message":"Received update","service":"nodejs-server","update":{"message":{"chat":{"first_name":"Ruslan","id":782919745,"last_name":"Shadaev","type":"private","username":"beilec"},"date":1727444414,"entities":[{"length":5,"offset":0,"type":"bot_command"}],"from":{"first_name":"Ruslan","id":782919745,"is_bot":false,"is_premium":true,"language_code":"en","last_name":"Shadaev","username":"beilec"},"message_id":466,"text":"/ping"},"update_id":763043512}}
{"level":"info","message":"Received update","service":"nodejs-server","update":{"message":{"chat":{"first_name":"Ruslan","id":782919745,"last_name":"Shadaev","type":"private","username":"beilec"},"date":1727444417,"entities":[{"length":5,"offset":0,"type":"bot_command"}],"from":{"first_name":"Ruslan","id":782919745,"is_bot":false,"is_premium":true,"language_code":"en","last_name":"Shadaev","username":"beilec"},"message_id":468,"text":"/ping"},"update_id":763043513}}
{"level":"info","message":"Received update","service":"nodejs-server","update":{"message":{"chat":{"first_name":"Ruslan","id":782919745,"last_name":"Shadaev","type":"private","username":"beilec"},"date":1727444420,"entities":[{"length":5,"offset":0,"type":"bot_command"}],"from":{"first_name":"Ruslan","id":782919745,"is_bot":false,"is_premium":true,"language_code":"en","last_name":"Shadaev","username":"beilec"},"message_id":470,"text":"/ping"},"update_id":763043514}}
{"level":"info","message":"Received update","service":"nodejs-server","update":{"message":{"chat":{"first_name":"Ruslan","id":782919745,"last_name":"Shadaev","type":"private","username":"beilec"},"date":1727444421,"entities":[{"length":5,"offset":0,"type":"bot_command"}],"from":{"first_name":"Ruslan","id":782919745,"is_bot":false,"is_premium":true,"language_code":"en","last_name":"Shadaev","username":"beilec"},"message_id":472,"text":"/ping"},"update_id":763043515}}
{"level":"info","message":"Received update","service":"nodejs-server","update":{"message":{"chat":{"first_name":"Ruslan","id":782919745,"last_name":"Shadaev","type":"private","username":"beilec"},"date":1727444423,"entities":[{"length":5,"offset":0,"type":"bot_command"}],"from":{"first_name":"Ruslan","id":782919745,"is_bot":false,"is_premium":true,"language_code":"en","last_name":"Shadaev","username":"beilec"},"message_id":474,"text":"/ping"},"update_id":763043516}}
{"level":"info","message":"Received update","service":"nodejs-server","update":{"message":{"chat":{"first_name":"Ruslan","id":782919745,"last_name":"Shadaev","type":"private","username":"beilec"},"date":1727444450,"from":{"first_name":"Ruslan","id":782919745,"is_bot":false,"is_premium":true,"language_code":"en","last_name":"Shadaev","username":"beilec"},"message_id":476,"text":"/[ing"},"update_id":763043517}}
{"chatId":782919745,"level":"info","message":"Handling message","service":"nodejs-server","text":"/[ing"}
{"chatId":782919745,"level":"info","message":"No active session found for chatId","service":"nodejs-server","text":"/[ing"}
{"level":"info","message":"Received update","service":"nodejs-server","update":{"message":{"chat":{"first_name":"Ruslan","id":782919745,"last_name":"Shadaev","type":"private","username":"beilec"},"date":1727444452,"entities":[{"length":5,"offset":0,"type":"bot_command"}],"from":{"first_name":"Ruslan","id":782919745,"is_bot":false,"is_premium":true,"language_code":"en","last_name":"Shadaev","username":"beilec"},"message_id":478,"text":"/ping"},"update_id":763043518}}
{"level":"info","message":"Received update","service":"nodejs-server","update":{"message":{"chat":{"first_name":"Ruslan","id":782919745,"last_name":"Shadaev","type":"private","username":"beilec"},"date":1727444504,"entities":[{"length":5,"offset":0,"type":"bot_command"}],"from":{"first_name":"Ruslan","id":782919745,"is_bot":false,"is_premium":true,"language_code":"en","last_name":"Shadaev","username":"beilec"},"message_id":480,"text":"/ping"},"update_id":763043519}}
{"level":"info","message":"Received update","service":"nodejs-server","update":{"message":{"chat":{"first_name":"Ruslan","id":782919745,"last_name":"Shadaev","type":"private","username":"beilec"},"date":1727444506,"entities":[{"length":5,"offset":0,"type":"bot_command"}],"from":{"first_name":"Ruslan","id":782919745,"is_bot":false,"is_premium":true,"language_code":"en","last_name":"Shadaev","username":"beilec"},"message_id":482,"text":"/ping"},"update_id":763043520}}
{"level":"info","message":"Received update","service":"nodejs-server","update":{"message":{"chat":{"first_name":"Ruslan","id":782919745,"last_name":"Shadaev","type":"private","username":"beilec"},"date":1727444508,"entities":[{"length":5,"offset":0,"type":"bot_command"}],"from":{"first_name":"Ruslan","id":782919745,"is_bot":false,"is_premium":true,"language_code":"en","last_name":"Shadaev","username":"beilec"},"message_id":484,"text":"/ping"},"update_id":763043521}}
{"level":"info","message":"Received update","service":"nodejs-server","update":{"message":{"chat":{"first_name":"Ruslan","id":782919745,"last_name":"Shadaev","type":"private","username":"beilec"},"date":1727444509,"from":{"first_name":"Ruslan","id":782919745,"is_bot":false,"is_premium":true,"language_code":"en","last_name":"Shadaev","username":"beilec"},"message_id":486,"text":"fsd"},"update_id":763043522}}
{"chatId":782919745,"level":"info","message":"Handling message","service":"nodejs-server","text":"fsd"}
{"chatId":782919745,"level":"info","message":"No active session found for chatId","service":"nodejs-server","text":"fsd"}
{"level":"info","message":"Received update","service":"nodejs-server","update":{"message":{"chat":{"first_name":"Ruslan","id":782919745,"last_name":"Shadaev","type":"private","username":"beilec"},"date":1727444643,"entities":[{"length":6,"offset":0,"type":"bot_command"}],"from":{"first_name":"Ruslan","id":782919745,"is_bot":false,"is_premium":true,"language_code":"en","last_name":"Shadaev","username":"beilec"},"message_id":488,"text":"/start"},"update_id":763043523}}
{"level":"info","message":"Received update","service":"nodejs-server","update":{"message":{"chat":{"first_name":"Ruslan","id":782919745,"last_name":"Shadaev","type":"private","username":"beilec"},"date":1727444726,"entities":[{"length":6,"offset":0,"type":"bot_command"}],"from":{"first_name":"Ruslan","id":782919745,"is_bot":false,"is_premium":true,"language_code":"en","last_name":"Shadaev","username":"beilec"},"message_id":489,"text":"/start"},"update_id":763043524}}
{"level":"info","message":"Received update","service":"nodejs-server","update":{"message":{"chat":{"first_name":"Ruslan","id":782919745,"last_name":"Shadaev","type":"private","username":"beilec"},"date":1727444730,"entities":[{"length":6,"offset":0,"type":"bot_command"}],"from":{"first_name":"Ruslan","id":782919745,"is_bot":false,"is_premium":true,"language_code":"en","last_name":"Shadaev","username":"beilec"},"message_id":491,"text":"/start"},"update_id":763043525}}
{"level":"info","message":"Received update","service":"nodejs-server","update":{"message":{"chat":{"first_name":"Ruslan","id":782919745,"last_name":"Shadaev","type":"private","username":"beilec"},"date":1727444731,"entities":[{"length":6,"offset":0,"type":"bot_command"}],"from":{"first_name":"Ruslan","id":782919745,"is_bot":false,"is_premium":true,"language_code":"en","last_name":"Shadaev","username":"beilec"},"message_id":493,"text":"/start"},"update_id":763043526}}
{"level":"info","message":"Received update","service":"nodejs-server","update":{"message":{"chat":{"first_name":"Ruslan","id":782919745,"last_name":"Shadaev","type":"private","username":"beilec"},"date":1727444733,"entities":[{"length":6,"offset":0,"type":"bot_command"}],"from":{"first_name":"Ruslan","id":782919745,"is_bot":false,"is_premium":true,"language_code":"en","last_name":"Shadaev","username":"beilec"},"message_id":495,"text":"/start"},"update_id":763043527}}
{"level":"info","message":"Received update","service":"nodejs-server","update":{"message":{"chat":{"first_name":"Ruslan","id":782919745,"last_name":"Shadaev","type":"private","username":"beilec"},"date":1727444735,"entities":[{"length":6,"offset":0,"type":"bot_command"}],"from":{"first_name":"Ruslan","id":782919745,"is_bot":false,"is_premium":true,"language_code":"en","last_name":"Shadaev","username":"beilec"},"message_id":497,"text":"/start"},"update_id":763043528}}
{"level":"info","message":"Received update","service":"nodejs-server","update":{"message":{"chat":{"first_name":"Ruslan","id":782919745,"last_name":"Shadaev","type":"private","username":"beilec"},"date":1727444739,"entities":[{"length":6,"offset":0,"type":"bot_command"}],"from":{"first_name":"Ruslan","id":782919745,"is_bot":false,"is_premium":true,"language_code":"en","last_name":"Shadaev","username":"beilec"},"message_id":499,"text":"/start"},"update_id":763043529}}
{"level":"info","message":"Received update","service":"nodejs-server","update":{"message":{"chat":{"first_name":"Ruslan","id":782919745,"last_name":"Shadaev","type":"private","username":"beilec"},"date":1727444750,"entities":[{"length":6,"offset":0,"type":"bot_command"}],"from":{"first_name":"Ruslan","id":782919745,"is_bot":false,"is_premium":true,"language_code":"en","last_name":"Shadaev","username":"beilec"},"message_id":501,"text":"/start"},"update_id":763043530}}
{"level":"info","message":"Received update","service":"nodejs-server","update":{"message":{"chat":{"first_name":"Ruslan","id":782919745,"last_name":"Shadaev","type":"private","username":"beilec"},"date":1727444840,"entities":[{"length":6,"offset":0,"type":"bot_command"}],"from":{"first_name":"Ruslan","id":782919745,"is_bot":false,"is_premium":true,"language_code":"en","last_name":"Shadaev","username":"beilec"},"message_id":503,"text":"/start"},"update_id":763043531}}
{"level":"info","message":"Main bot webhook set","service":"nodejs-server"}
{"level":"info","message":"Master bot webhook set","service":"nodejs-server"}
{"level":"info","message":"Master bot webhook set","service":"nodejs-server"}
{"level":"info","message":"Main bot webhook set","service":"nodejs-server"}
{"level":"info","message":"Master bot webhook set","service":"nodejs-server"}
{"level":"info","message":"Main bot webhook set","service":"nodejs-server"}
{"level":"info","message":"Main bot webhook set","service":"nodejs-server"}
{"level":"info","message":"Master bot webhook set","service":"nodejs-server"}
{"level":"info","message":"Master bot webhook set","service":"nodejs-server"}
{"level":"info","message":"Main bot webhook set","service":"nodejs-server"}
{"level":"info","message":"Master bot webhook set","service":"nodejs-server"}
{"level":"info","message":"Main bot webhook set","service":"nodejs-server"}
{"level":"info","message":"Master bot webhook set","service":"nodejs-server"}
{"level":"info","message":"Main bot webhook set","service":"nodejs-server"}
{"level":"info","message":"Master bot webhook set","service":"nodejs-server"}
{"level":"info","message":"Main bot webhook set","service":"nodejs-server"}
{"level":"info","message":"Master bot webhook set","service":"nodejs-server"}
{"level":"info","message":"Main bot webhook set","service":"nodejs-server"}
{"level":"info","message":"Main bot webhook set","service":"nodejs-server"}
{"level":"info","message":"Master bot webhook set","service":"nodejs-server"}
{"level":"info","message":"Main bot webhook set","service":"nodejs-server"}
{"level":"info","message":"Master bot webhook set","service":"nodejs-server"}
{"level":"info","message":"Master bot webhook set","service":"nodejs-server"}
{"level":"info","message":"Main bot webhook set","service":"nodejs-server"}
{"level":"info","message":"Master bot webhook set","service":"nodejs-server"}
{"level":"info","message":"Main bot webhook set","service":"nodejs-server"}
{"level":"info","message":"Master bot webhook set","service":"nodejs-server"}
{"level":"info","message":"Main bot webhook set","service":"nodejs-server"}
{"level":"info","message":"Main bot webhook set","service":"nodejs-server"}
{"level":"info","message":"Master bot webhook set","service":"nodejs-server"}
{"level":"info","message":"Main bot webhook set","service":"nodejs-server"}
{"level":"info","message":"Master bot webhook set","service":"nodejs-server"}
{"level":"info","message":"Main bot webhook set","service":"nodejs-server"}
{"level":"info","message":"Master bot webhook set","service":"nodejs-server"}
{"level":"info","message":"Master bot webhook set","service":"nodejs-server"}
{"level":"info","message":"Main bot webhook set","service":"nodejs-server"}
{"level":"info","message":"Main bot webhook set","service":"nodejs-server"}
{"level":"info","message":"Master bot webhook set","service":"nodejs-server"}
{"level":"info","message":"Main bot webhook set","service":"nodejs-server"}
{"level":"info","message":"Master bot webhook set","service":"nodejs-server"}
{"level":"info","message":"Master bot webhook set","service":"nodejs-server"}
{"level":"info","message":"Main bot webhook set","service":"nodejs-server"}
{"level":"info","message":"Master bot webhook set","service":"nodejs-server"}
{"level":"info","message":"Main bot webhook set","service":"nodejs-server"}
{"level":"info","message":"Master bot webhook set","service":"nodejs-server"}
{"level":"info","message":"Main bot webhook set","service":"nodejs-server"}
{"level":"info","message":"Master bot webhook set","service":"nodejs-server"}
{"level":"info","message":"Main bot webhook set","service":"nodejs-server"}
{"level":"info","message":"Master bot webhook set","service":"nodejs-server"}
{"level":"info","message":"Main bot webhook set","service":"nodejs-server"}
{"level":"info","message":"Master bot webhook set","service":"nodejs-server"}
{"level":"info","message":"Main bot webhook set","service":"nodejs-server"}
{"level":"info","message":"Master bot webhook set","service":"nodejs-server"}
{"level":"info","message":"Main bot webhook set","service":"nodejs-server"}
{"level":"info","message":"Master bot webhook set","service":"nodejs-server"}
{"level":"info","message":"Main bot webhook set","service":"nodejs-server"}
{"level":"info","message":"Master bot webhook set","service":"nodejs-server"}
{"level":"info","message":"Main bot webhook set","service":"nodejs-server"}
{"level":"info","message":"Master bot webhook set","service":"nodejs-server"}
{"level":"info","message":"Main bot webhook set","service":"nodejs-server"}
{"level":"info","message":"Master bot webhook set","service":"nodejs-server"}
{"level":"info","message":"Main bot webhook set","service":"nodejs-server"}
{"level":"info","message":"Master bot webhook set","service":"nodejs-server"}
{"level":"info","message":"Main bot webhook set","service":"nodejs-server"}
{"level":"info","message":"Main bot webhook set","service":"nodejs-server"}
{"level":"info","message":"Master bot webhook set","service":"nodejs-server"}
{"level":"info","message":"Main bot webhook set","service":"nodejs-server"}
{"level":"info","message":"Master bot webhook set","service":"nodejs-server"}
{"level":"info","message":"Master bot webhook set","service":"nodejs-server"}
{"level":"info","message":"Main bot webhook set","service":"nodejs-server"}
{"level":"info","message":"Master bot webhook set","service":"nodejs-server"}
{"level":"info","message":"Main bot webhook set","service":"nodejs-server"}
{"level":"info","message":"Master bot webhook set","service":"nodejs-server"}
{"level":"info","message":"Main bot webhook set","service":"nodejs-server"}
{"level":"info","message":"Main bot webhook set","service":"nodejs-server"}
{"level":"info","message":"Master bot webhook set","service":"nodejs-server"}
{"level":"info","message":"Main bot webhook set","service":"nodejs-server"}
{"level":"info","message":"Master bot webhook set","service":"nodejs-server"}
{"level":"info","message":"Main bot webhook set","service":"nodejs-server"}
{"level":"info","message":"Master bot webhook set","service":"nodejs-server"}
{"level":"info","message":"Main bot webhook set","service":"nodejs-server"}
{"level":"info","message":"Master bot webhook set","service":"nodejs-server"}
{"level":"info","message":"Master bot webhook set","service":"nodejs-server"}
{"level":"info","message":"Main bot webhook set","service":"nodejs-server"}
{"level":"info","message":"Main bot webhook set","service":"nodejs-server"}
{"level":"info","message":"Master bot webhook set","service":"nodejs-server"}
{"level":"info","message":"Main bot webhook set","service":"nodejs-server"}
{"level":"info","message":"Master bot webhook set","service":"nodejs-server"}
{"level":"info","message":"Main bot webhook set","service":"nodejs-server"}
{"level":"info","message":"Master bot webhook set","service":"nodejs-server"}
{"level":"info","message":"Master bot webhook set","service":"nodejs-server"}
{"level":"info","message":"Main bot webhook set","service":"nodejs-server"}
{"level":"info","message":"Master bot webhook set","service":"nodejs-server"}
{"level":"info","message":"Main bot webhook set","service":"nodejs-server"}
{"level":"info","message":"Main bot webhook set","service":"nodejs-server"}
{"level":"info","message":"Master bot webhook set","service":"nodejs-server"}
{"level":"info","message":"Main bot webhook set","service":"nodejs-server"}
{"level":"info","message":"Master bot webhook set","service":"nodejs-server"}
{"level":"info","message":"Master bot webhook set","service":"nodejs-server"}
{"level":"info","message":"Main bot webhook set","service":"nodejs-server"}
{"level":"info","message":"Master bot webhook set","service":"nodejs-server"}
{"level":"info","message":"Main bot webhook set","service":"nodejs-server"}
{"level":"info","message":"Main bot webhook set","service":"nodejs-server"}
{"level":"info","message":"Master bot webhook set","service":"nodejs-server"}
{"level":"info","message":"Main bot webhook set","service":"nodejs-server"}
{"level":"info","message":"Master bot webhook set","service":"nodejs-server"}
{"code":"EAI_AGAIN","errno":"EAI_AGAIN","level":"error","message":"Failed to set main bot webhook: request to https://api.telegram.org/bot7237021957:[REDACTED]/setWebhook failed, reason: getaddrinfo EAI_AGAIN api.telegram.org","service":"nodejs-server","stack":"FetchError: request to https://api.telegram.org/bot7237021957:[REDACTED]/setWebhook failed, reason: getaddrinfo EAI_AGAIN api.telegram.org\n    at ClientRequest.<anonymous> (/usr/src/app/node_modules/node-fetch/lib/index.js:1501:11)\n    at ClientRequest.emit (node:events:518:28)\n    at emitErrorEvent (node:_http_client:101:11)\n    at TLSSocket.socketErrorListener (node:_http_client:504:5)\n    at TLSSocket.emit (node:events:518:28)\n    at emitErrorNT (node:internal/streams/destroy:169:8)\n    at emitErrorCloseNT (node:internal/streams/destroy:128:3)\n    at process.processTicksAndRejections (node:internal/process/task_queues:82:21)","type":"system"}
{"code":"EAI_AGAIN","errno":"EAI_AGAIN","level":"error","message":"Failed to set master bot webhook: request to https://api.telegram.org/bot7800836030:[REDACTED]/setWebhook failed, reason: getaddrinfo EAI_AGAIN api.telegram.org","service":"nodejs-server","stack":"FetchError: request to https://api.telegram.org/bot7800836030:[REDACTED]/setWebhook failed, reason: getaddrinfo EAI_AGAIN api.telegram.org\n    at ClientRequest.<anonymous> (/usr/src/app/node_modules/node-fetch/lib/index.js:1501:11)\n    at ClientRequest.emit (node:events:518:28)\n    at emitErrorEvent (node:_http_client:101:11)\n    at TLSSocket.socketErrorListener (node:_http_client:504:5)\n    at TLSSocket.emit (node:events:518:28)\n    at emitErrorNT (node:internal/streams/destroy:169:8)\n    at emitErrorCloseNT (node:internal/streams/destroy:128:3)\n    at process.processTicksAndRejections (node:internal/process/task_queues:82:21)","type":"system"}
{"level":"info","message":"Master bot webhook set","service":"nodejs-server"}
{"level":"info","message":"Main bot webhook set","service":"nodejs-server"}
{"level":"info","message":"Master bot webhook set","service":"nodejs-server"}
{"level":"info","message":"Main bot webhook set","service":"nodejs-server"}
{"level":"info","message":"Master bot webhook set","service":"nodejs-server"}
{"level":"info","message":"Main bot webhook set","service":"nodejs-server"}
{"level":"info","message":"Main bot webhook set","service":"nodejs-server"}
{"level":"info","message":"Master bot webhook set","service":"nodejs-server"}
{"level":"info","message":"Master bot webhook set","service":"nodejs-server"}
{"level":"info","message":"Main bot webhook set","service":"nodejs-server"}
{"level":"info","message":"Master bot webhook set","service":"nodejs-server"}
{"level":"info","message":"Main bot webhook set","service":"nodejs-server"}
{"level":"info","message":"Main bot webhook set","service":"nodejs-server"}
{"level":"info","message":"Master bot webhook set","service":"nodejs-server"}
{"level":"info","message":"Master bot webhook set","service":"nodejs-server"}
{"level":"info","message":"Main bot webhook set","service":"nodejs-server"}
{"level":"info","message":"Master bot webhook set","service":"nodejs-server"}
{"level":"info","message":"Main bot webhook set","service":"nodejs-server"}
{"level":"info","message":"Main bot webhook set","service":"nodejs-server"}
{"level":"info","message":"Master bot webhook set","service":"nodejs-server"}
{"level":"info","message":"Master bot webhook set","service":"nodejs-server"}
{"level":"info","message":"Main bot webhook set","service":"nodejs-server"}
{"level":"info","message":"Master bot webhook set","service":"nodejs-server"}
{"level":"info","message":"Main bot webhook set","service":"nodejs-server"}
{"level":"info","message":"Master bot webhook set","service":"nodejs-server"}
{"level":"info","message":"Main bot webhook set","service":"nodejs-server"}
{"level":"info","message":"Master bot webhook set","service":"nodejs-server"}
{"level":"info","message":"Main bot webhook set","service":"nodejs-server"}
{"level":"info","message":"Master bot webhook set","service":"nodejs-server"}
{"level":"info","message":"Main bot webhook set","service":"nodejs-server"}
{"level":"info","message":"Master bot webhook set","service":"nodejs-server"}
{"level":"info","message":"Main bot webhook set","service":"nodejs-server"}
{"level":"info","message":"Main bot webhook set","service":"nodejs-server"}
{"level":"info","message":"Master bot webhook set","service":"nodejs-server"}
{"level":"info","message":"Main bot webhook set","service":"nodejs-server"}
{"level":"info","message":"Master bot webhook set","service":"nodejs-server"}
{"level":"info","message":"Master bot webhook set","service":"nodejs-server"}
{"level":"info","message":"Main bot webhook set","service":"nodejs-server"}
{"level":"info","message":"Master bot webhook set","service":"nodejs-server"}
{"level":"info","message":"Main bot webhook set","service":"nodejs-server"}
{"level":"info","message":"Main bot webhook set","service":"nodejs-server"}
{"level":"info","message":"Master bot webhook set","service":"nodejs-server"}
{"level":"info","message":"Main bot webhook set","service":"nodejs-server"}
{"level":"info","message":"Master bot webhook set","service":"nodejs-server"}
{"level":"info","message":"Main bot webhook set","service":"nodejs-server"}
{"level":"info","message":"Master bot webhook set","service":"nodejs-server"}
{"level":"info","message":"Main bot webhook set","service":"nodejs-server"}
{"level":"info","message":"Master bot webhook set","service":"nodejs-server"}
{"level":"info","message":"Master bot webhook set","service":"nodejs-server"}
{"level":"info","message":"Main bot webhook set","service":"nodejs-server"}
{"level":"info","message":"Main bot webhook set","service":"nodejs-server"}
{"level":"info","message":"Master bot webhook set","service":"nodejs-server"}
{"level":"info","message":"Master bot webhook set","service":"nodejs-server"}
{"level":"info","message":"Main bot webhook set","service":"nodejs-server"}
{"level":"info","message":"Main bot webhook set","service":"nodejs-server"}
{"level":"info","message":"Master bot webhook set","service":"nodejs-server"}
{"level":"info","message":"Master bot webhook set","service":"nodejs-server"}
{"level":"info","message":"Main bot webhook set","service":"nodejs-server"}
{"level":"info","message":"Master bot webhook set","service":"nodejs-server"}
{"level":"info","message":"Main bot webhook set","service":"nodejs-server"}
{"level":"info","message":"Main bot webhook set","service":"nodejs-server"}
{"level":"info","message":"Master bot webhook set","service":"nodejs-server"}
{"level":"info","message":"Master bot webhook set","service":"nodejs-server"}
{"level":"info","message":"Main bot webhook set","service":"nodejs-server"}
{"level":"info","message":"Main bot webhook set","service":"nodejs-server"}
{"level":"info","message":"Master bot webhook set","service":"nodejs-server"}
{"level":"info","message":"Master bot webhook set","service":"nodejs-server"}
{"level":"info","message":"Main bot webhook set","service":"nodejs-server"}
{"level":"info","message":"Main bot webhook set","service":"nodejs-server"}
{"level":"info","message":"Master bot webhook set","service":"nodejs-server"}
{"level":"info","message":"Main bot webhook set","service":"nodejs-server"}
{"level":"info","message":"Master bot webhook set","service":"nodejs-server"}
{"level":"info","message":"Master bot webhook set","service":"nodejs-server"}
{"level":"info","message":"Main bot webhook set","service":"nodejs-server"}
{"level":"info","message":"Master bot webhook set","service":"nodejs-server"}
{"level":"info","message":"Main bot webhook set","service":"nodejs-server"}
{"level":"info","message":"Master bot webhook set","service":"nodejs-server"}
{"level":"info","message":"Main bot webhook set","service":"nodejs-server"}
{"level":"info","message":"Main bot webhook set","service":"nodejs-server"}
{"level":"info","message":"Master bot webhook set","service":"nodejs-server"}
{"level":"info","message":"Master bot webhook set","service":"nodejs-server"}
{"level":"info","message":"Main bot webhook set","service":"nodejs-server"}
{"level":"info","message":"Main bot webhook set","service":"nodejs-server"}
{"level":"info","message":"Master bot webhook set","service":"nodejs-server"}
{"level":"info","message":"Master bot webhook set","service":"nodejs-server"}
{"level":"info","message":"Main bot webhook set","service":"nodejs-server"}
{"level":"info","message":"Master bot webhook set","service":"nodejs-server"}
{"level":"info","message":"Main bot webhook set","service":"nodejs-server"}
{"level":"info","message":"Main bot webhook set","service":"nodejs-server"}
{"level":"info","message":"Master bot webhook set","service":"nodejs-server"}
{"level":"info","message":"Master bot webhook set","service":"nodejs-server"}
{"level":"info","message":"Main bot webhook set","service":"nodejs-server"}
{"level":"info","message":"Master bot webhook set","service":"nodejs-server"}
{"level":"info","message":"Main bot webhook set","service":"nodejs-server"}
{"level":"info","message":"Main bot webhook set","service":"nodejs-server"}
{"level":"info","message":"Master bot webhook set","service":"nodejs-server"}
{"level":"info","message":"Master bot webhook set","service":"nodejs-server"}
{"level":"info","message":"Main bot webhook set","service":"nodejs-server"}
{"level":"info","message":"Master bot webhook set","service":"nodejs-server"}
{"level":"info","message":"Main bot webhook set","service":"nodejs-server"}
{"level":"info","message":"Main bot webhook set","service":"nodejs-server"}
{"level":"info","message":"Master bot webhook set","service":"nodejs-server"}
{"level":"info","message":"Master bot webhook set","service":"nodejs-server"}
{"level":"info","message":"Main bot webhook set","service":"nodejs-server"}
{"level":"info","message":"Master bot webhook set","service":"nodejs-server"}
{"level":"info","message":"Main bot webhook set","service":"nodejs-server"}
{"level":"info","message":"Main bot webhook set","service":"nodejs-server"}
{"level":"info","message":"Master bot webhook set","service":"nodejs-server"}
{"level":"info","message":"Master bot webhook set","service":"nodejs-server"}
{"level":"info","message":"Main bot webhook set","service":"nodejs-server"}
{"level":"info","message":"Master bot webhook set","service":"nodejs-server"}
{"level":"info","message":"Main bot webhook set","service":"nodejs-server"}
{"level":"info","message":"Main bot webhook set","service":"nodejs-server"}
{"level":"info","message":"Master bot webhook set","service":"nodejs-server"}
{"level":"info","message":"Master bot webhook set","service":"nodejs-server"}
{"level":"info","message":"Main bot webhook set","service":"nodejs-server"}
{"level":"info","message":"Main bot webhook set","service":"nodejs-server"}
{"level":"info","message":"Master bot webhook set","service":"nodejs-server"}
{"level":"info","message":"Main bot webhook set","service":"nodejs-server"}
{"level":"info","message":"Master bot webhook set","service":"nodejs-server"}
{"level":"info","message":"Main bot webhook set","service":"nodejs-server"}
{"level":"info","message":"Master bot webhook set","service":"nodejs-server"}
{"level":"info","message":"Main bot webhook set","service":"nodejs-server"}
{"level":"info","message":"Master bot webhook set","service":"nodejs-server"}
{"level":"info","message":"Main bot webhook set","service":"nodejs-server"}
{"level":"info","message":"Master bot webhook set","service":"nodejs-server"}
{"level":"info","message":"Master bot webhook set","service":"nodejs-server"}
{"level":"info","message":"Main bot webhook set","service":"nodejs-server"}
{"level":"info","message":"Main bot webhook set","service":"nodejs-server"}
{"level":"info","message":"Master bot webhook set","service":"nodejs-server"}
{"level":"info","message":"Master bot webhook set","service":"nodejs-server"}
{"level":"info","message":"Main bot webhook set","service":"nodejs-server"}
{"level":"error","message":"Failed to set master bot webhook: 400: Bad Request: bad webhook: An HTTPS URL must be provided for webhook","on":{"method":"setWebhook","payload":{"url":"http://nodejs-server:3000/webhook/master"}},"response":{"description":"Bad Request: bad webhook: An HTTPS URL must be provided for webhook","error_code":400,"ok":false},"service":"nodejs-server","stack":"Error: 400: Bad Request: bad webhook: An HTTPS URL must be provided for webhook\n    at Telegram.callApi (/usr/src/app/node_modules/telegraf/lib/core/network/client.js:315:19)\n    at process.processTicksAndRejections (node:internal/process/task_queues:95:5)"}
{"level":"error","message":"Failed to set main bot webhook: 400: Bad Request: bad webhook: An HTTPS URL must be provided for webhook","on":{"method":"setWebhook","payload":{"url":"http://nodejs-server:3000/webhook/main"}},"response":{"description":"Bad Request: bad webhook: An HTTPS URL must be provided for webhook","error_code":400,"ok":false},"service":"nodejs-server","stack":"Error: 400: Bad Request: bad webhook: An HTTPS URL must be provided for webhook\n    at Telegram.callApi (/usr/src/app/node_modules/telegraf/lib/core/network/client.js:315:19)\n    at process.processTicksAndRejections (node:internal/process/task_queues:95:5)"}
{"level":"error","message":"Failed to set main bot webhook: 400: Bad Request: bad webhook: An HTTPS URL must be provided for webhook","on":{"method":"setWebhook","payload":{"url":"http://nodejs-server:3000/webhook/main"}},"response":{"description":"Bad Request: bad webhook: An HTTPS URL must be provided for webhook","error_code":400,"ok":false},"service":"nodejs-server","stack":"Error: 400: Bad Request: bad webhook: An HTTPS URL must be provided for webhook\n    at Telegram.callApi (/usr/src/app/node_modules/telegraf/lib/core/network/client.js:315:19)\n    at process.processTicksAndRejections (node:internal/process/task_queues:95:5)"}
{"level":"error","message":"Failed to set master bot webhook: 400: Bad Request: bad webhook: An HTTPS URL must be provided for webhook","on":{"method":"setWebhook","payload":{"url":"http://nodejs-server:3000/webhook/master"}},"response":{"description":"Bad Request: bad webhook: An HTTPS URL must be provided for webhook","error_code":400,"ok":false},"service":"nodejs-server","stack":"Error: 400: Bad Request: bad webhook: An HTTPS URL must be provided for webhook\n    at Telegram.callApi (/usr/src/app/node_modules/telegraf/lib/core/network/client.js:315:19)\n    at process.processTicksAndRejections (node:internal/process/task_queues:95:5)"}
{"level":"error","message":"Failed to set main bot webhook: 400: Bad Request: bad webhook: An HTTPS URL must be provided for webhook","on":{"method":"setWebhook","payload":{"url":"http://nodejs-server:3000/webhook/main"}},"response":{"description":"Bad Request: bad webhook: An HTTPS URL must be provided for webhook","error_code":400,"ok":false},"service":"nodejs-server","stack":"Error: 400: Bad Request: bad webhook: An HTTPS URL must be provided for webhook\n    at Telegram.callApi (/usr/src/app/node_modules/telegraf/lib/core/network/client.js:315:19)\n    at process.processTicksAndRejections (node:internal/process/task_queues:95:5)"}
{"level":"error","message":"Failed to set master bot webhook: 400: Bad Request: bad webhook: An HTTPS URL must be provided for webhook","on":{"method":"setWebhook","payload":{"url":"http://nodejs-server:3000/webhook/master"}},"response":{"description":"Bad Request: bad webhook: An HTTPS URL must be provided for webhook","error_code":400,"ok":false},"service":"nodejs-server","stack":"Error: 400: Bad Request: bad webhook: An HTTPS URL must be provided for webhook\n    at Telegram.callApi (/usr/src/app/node_modules/telegraf/lib/core/network/client.js:315:19)\n    at process.processTicksAndRejections (node:internal/process/task_queues:95:5)"}
{"level":"info","message":"Main bot webhook set","service":"nodejs-server"}
{"level":"info","message":"Master bot webhook set","service":"nodejs-server"}
{"level":"info","message":"Main bot webhook set","service":"nodejs-server"}
{"level":"info","message":"Master bot webhook set","service":"nodejs-server"}
{"level":"info","message":"Master bot webhook set","service":"nodejs-server"}
{"level":"info","message":"Main bot webhook set","service":"nodejs-server"}
{"level":"info","message":"Сервер запущен на порту 3000","service":"nodejs-server","timestamp":"2024-12-07T23:10:37.959Z"}
{"level":"info","message":"Туннель ngrok установлен по адресу: https://a5ba-38-180-208-164.ngrok-free.app","service":"nodejs-server","timestamp":"2024-12-07T23:10:38.372Z"}
{"level":"info","message":"Вебхук для основного бота успешно установлен","service":"nodejs-server","timestamp":"2024-12-07T23:10:39.134Z"}
{"level":"info","message":"Вебхук для бота мастера успешно установлен","service":"nodejs-server","timestamp":"2024-12-07T23:10:40.151Z"}
{"level":"info","message":"URL вебхука: https://a5ba-38-180-208-164.ngrok-free.app","service":"nodejs-server","timestamp":"2024-12-07T23:10:40.153Z"}
{"level":"info","message":"Main bot webhook set","service":"nodejs-server"}
{"level":"info","message":"Master bot webhook set","service":"nodejs-server"}
{"level":"info","message":"Master bot webhook set","service":"nodejs-server"}
{"level":"info","message":"Main bot webhook set","service":"nodejs-server"}
{"level":"info","message":"Main bot webhook set","service":"nodejs-server"}
{"level":"info","message":"Master bot webhook set","service":"nodejs-server"}
{"level":"info","message":"Main bot webhook set","service":"nodejs-server"}
{"level":"info","message":"Master bot webhook set","service":"nodejs-server"}
{"level":"info","message":"Main bot webhook set","service":"nodejs-server"}
{"level":"info","message":"Master bot webhook set","service":"nodejs-server"}
{"level":"info","message":"Main bot webhook set","service":"nodejs-server"}
{"level":"info","message":"Master bot webhook set","service":"nodejs-server"}
{"level":"info","message":"Master bot webhook set","service":"nodejs-server"}
{"level":"info","message":"Main bot webhook set","service":"nodejs-server"}
{"level":"info","message":"Main bot webhook set","service":"nodejs-server"}
{"level":"info","message":"Master bot webhook set","service":"nodejs-server"}
{"level":"info","message":"Main bot webhook set","service":"nodejs-server"}
{"level":"info","message":"Master bot webhook set","service":"nodejs-server"}
{"level":"info","message":"Master bot webhook set","service":"nodejs-server"}
{"level":"info","message":"Main bot webhook set","service":"nodejs-server"}
{"level":"info","message":"Master bot webhook set","service":"nodejs-server"}
{"level":"info","message":"Main bot webhook set","service":"nodejs-server"}
{"level":"info","message":"Main bot webhook set","service":"nodejs-server"}
{"level":"info","message":"Master bot webhook set","service":"nodejs-server"}
{"level":"info","message":"Main bot webhook set","service":"nodejs-server"}
{"level":"info","message":"Master bot webhook set","service":"nodejs-server"}
{"level":"info","message":"Main bot webhook set","service":"nodejs-server"}
{"level":"info","message":"Master bot webhook set","service":"nodejs-server"}
{"level":"info","message":"Master bot webhook set","service":"nodejs-server"}
{"level":"info","message":"Main bot webhook set","service":"nodejs-server"}
{"level":"info","message":"Master bot webhook set","service":"nodejs-server"}
{"level":"info","message":"Main bot webhook set","service":"nodejs-server"}
{"level":"info","message":"Main bot webhook set","service":"nodejs-server"}
{"level":"info","message":"Master bot webhook set","service":"nodejs-server"}
{"level":"info","message":"Master bot webhook set","service":"nodejs-server"}
{"level":"info","message":"Main bot webhook set","service":"nodejs-server"}
{"level":"info","message":"Main bot webhook set","service":"nodejs-server"}
{"level":"info","message":"Master bot webhook set","service":"nodejs-server"}
{"level":"info","message":"Master bot webhook set","service":"nodejs-server"}
{"level":"info","message":"Main bot webhook set","service":"nodejs-server"}
{"level":"info","message":"Main bot webhook set","service":"nodejs-server"}
{"level":"info","message":"Master bot webhook set","service":"nodejs-server"}
{"level":"info","message":"Master bot webhook set","service":"nodejs-server"}
{"level":"info","message":"Main bot webhook set","service":"nodejs-server"}
{"level":"info","message":"Master bot webhook set","service":"nodejs-server"}
{"level":"info","message":"Main bot webhook set","service":"nodejs-server"}
{"level":"info","message":"Main bot webhook set","service":"nodejs-server"}
{"level":"info","message":"Master bot webhook set","service":"nodejs-server"}
{"level":"info","message":"Main bot webhook set","service":"nodejs-server"}
{"level":"info","message":"Master bot webhook set","service":"nodejs-server"}
{"level":"info","message":"Main bot webhook set","service":"nodejs-server"}
{"level":"info","message":"Master bot webhook set","service":"nodejs-server"}
{"level":"info","message":"Main bot webhook set","service":"nodejs-server"}
{"level":"info","message":"Master bot webhook set","service":"nodejs-server"}
{"level":"info","message":"Main bot webhook set","service":"nodejs-server"}
{"level":"info","message":"Master bot webhook set","service":"nodejs-server"}
{"level":"info","message":"Master bot webhook set","service":"nodejs-server"}
{"level":"info","message":"Main bot webhook set","service":"nodejs-server"}
{"level":"info","message":"Main bot webhook set","service":"nodejs-server"}
{"level":"info","message":"Master bot webhook set","service":"nodejs-server"}
{"level":"info","message":"Master bot webhook set","service":"nodejs-server"}
{"level":"info","message":"Main bot webhook set","service":"nodejs-server"}
{"level":"info","message":"Main bot webhook set","service":"nodejs-server"}
{"level":"info","message":"Master bot webhook set","service":"nodejs-server"}
{"level":"info","message":"Main bot webhook set","service":"nodejs-server"}
{"level":"info","message":"Master bot webhook set","service":"nodejs-server"}
{"level":"info","message":"Main bot webhook set","service":"nodejs-server"}
{"level":"info","message":"Master bot webhook set","service":"nodejs-server"}
{"level":"info","message":"Master bot webhook set","service":"nodejs-server"}
{"level":"info","message":"Main bot webhook set","service":"nodejs-server"}
{"level":"info","message":"Main bot webhook set","service":"nodejs-server"}
{"level":"info","message":"Master bot webhook set","service":"nodejs-server"}
{"level":"info","message":"Master bot webhook set","service":"nodejs-server"}
{"level":"info","message":"Main bot webhook set","service":"nodejs-server"}
{"level":"info","message":"Master bot webhook set","service":"nodejs-server"}
{"level":"info","message":"Main bot webhook set","service":"nodejs-server"}
{"level":"info","message":"Main bot webhook set","service":"nodejs-server"}
{"level":"info","message":"Master bot webhook set","service":"nodejs-server"}
{"level":"info","message":"Master bot webhook set","service":"nodejs-server"}
{"level":"info","message":"Main bot webhook set","service":"nodejs-server"}
{"level":"info","message":"Main bot webhook set","service":"nodejs-server"}
{"level":"info","message":"Master bot webhook set","service":"nodejs-server"}
{"level":"info","message":"Master bot webhook set","service":"nodejs-server"}
{"level":"info","message":"Main bot webhook set","service":"nodejs-server"}
{"level":"info","message":"Main bot webhook set","service":"nodejs-server"}
{"level":"info","message":"Master bot webhook set","service":"nodejs-server"}
{"level":"info","message":"Master bot webhook set","service":"nodejs-server"}
{"level":"info","message":"Main bot webhook set","service":"nodejs-server"}
{"level":"info","message":"Main bot webhook set","service":"nodejs-server"}
{"level":"info","message":"Master bot webhook set","service":"nodejs-server"}
{"level":"info","message":"Main bot webhook set","service":"nodejs-server"}
{"level":"info","message":"Master bot webhook set","service":"nodejs-server"}
{"level":"info","message":"Main bot webhook set","service":"nodejs-server"}
{"level":"info","message":"Master bot webhook set","service":"nodejs-server"}
{"level":"info","message":"Master bot webhook set","service":"nodejs-server"}
{"level":"info","message":"Main bot webhook set","service":"nodejs-server"}
{"level":"info","message":"Main bot webhook set","service":"nodejs-server"}
{"level":"info","message":"Master bot webhook set","service":"nodejs-server"}
{"level":"info","message":"Main bot webhook set","service":"nodejs-server"}
{"level":"info","message":"Master bot webhook set","service":"nodejs-server"}
{"level":"info","message":"Main bot webhook set","service":"nodejs-server"}
{"level":"info","message":"Master bot webhook set","service":"nodejs-server"}
{"level":"info","message":"Main bot webhook set","service":"nodejs-server"}
{"level":"info","message":"Master bot webhook set","service":"nodejs-server"}
{"level":"info","message":"Main bot webhook set","service":"nodejs-server"}
{"level":"info","message":"Master bot webhook set","service":"nodejs-server"}
{"level":"info","message":"Main bot webhook set","service":"nodejs-server"}
{"level":"info","message":"Master bot webhook set","service":"nodejs-server"}
{"level":"info","message":"Main bot webhook set","service":"nodejs-server"}
{"level":"info","message":"Master bot webhook set","service":"nodejs-server"}
{"level":"info","message":"Main bot webhook set","service":"nodejs-server"}
{"level":"info","message":"Master bot webhook set","service":"nodejs-server"}
{"level":"info","message":"Master bot webhook set","service":"nodejs-server"}
{"level":"info","message":"Main bot webhook set","service":"nodejs-server"}
{"level":"info","message":"Main bot webhook set","service":"nodejs-server"}
{"level":"info","message":"Master bot webhook set","service":"nodejs-server"}
{"level":"info","message":"Main bot webhook set","service":"nodejs-server"}
{"level":"info","message":"Master bot webhook set","service":"nodejs-server"}
{"level":"info","message":"Main bot webhook set","service":"nodejs-server"}
{"level":"info","message":"Master bot webhook set","service":"nodejs-server"}
{"level":"info","message":"Master bot webhook set","service":"nodejs-server"}
{"level":"info","message":"Main bot webhook set","service":"nodejs-server"}
{"level":"info","message":"Main bot webhook set","service":"nodejs-server"}
{"level":"info","message":"Master bot webhook set","service":"nodejs-server"}
{"level":"info","message":"Main bot webhook set","service":"nodejs-server"}
{"level":"info","message":"Master bot webhook set","service":"nodejs-server"}
{"level":"info","message":"Main bot webhook set","service":"nodejs-server"}
{"level":"info","message":"Master bot webhook set","service":"nodejs-server"}
{"level":"info","message":"Master bot webhook set","service":"nodejs-server"}
{"level":"info","message":"Main bot webhook set","service":"nodejs-server"}
{"level":"info","message":"Main bot webhook set","service":"nodejs-server"}
{"level":"info","message":"Master bot webhook set","service":"nodejs-server"}
{"level":"info","message":"Main bot webhook set","service":"nodejs-server"}
{"level":"info","message":"Master bot webhook set","service":"nodejs-server"}
{"level":"info","message":"Main bot webhook set","service":"nodejs-server"}
{"level":"info","message":"Master bot webhook set","service":"nodejs-server"}
{"level":"info","message":"Main bot webhook set","service":"nodejs-server"}
{"level":"info","message":"Master bot webhook set","service":"nodejs-server"}
{"level":"info","message":"Main bot webhook set","service":"nodejs-server"}
{"level":"info","message":"Master bot webhook set","service":"nodejs-server"}
{"level":"info","message":"Main bot webhook set","service":"nodejs-server"}
{"level":"info","message":"Master bot webhook set","service":"nodejs-server"}
{"level":"info","message":"Main bot webhook set","service":"nodejs-server"}
{"level":"info","message":"Master bot webhook set","service":"nodejs-server"}
{"level":"info","message":"Main bot webhook set","service":"nodejs-server"}
{"level":"info","message":"Master bot webhook set","service":"nodejs-server"}
{"level":"info","message":"Master bot webhook set","service":"nodejs-server"}
{"level":"info","message":"Main bot webhook set","service":"nodejs-server"}
{"level":"info","message":"Main bot webhook set","service":"nodejs-server"}
{"level":"info","message":"Master bot webhook set","service":"nodejs-server"}
{"level":"info","message":"Main bot webhook set","service":"nodejs-server"}
{"level":"info","message":"Master bot webhook set","service":"nodejs-server"}
{"level":"info","message":"Master bot webhook set","service":"nodejs-server"}
{"level":"info","message":"Main bot webhook set","service":"nodejs-server"}
{"level":"info","message":"Master bot webhook set","service":"nodejs-server"}
{"level":"info","message":"Main bot webhook set","service":"nodejs-server"}
{"level":"info","message":"Master bot webhook set","service":"nodejs-server"}
{"level":"info","message":"Main bot webhook set","service":"nodejs-server"}
{"level":"info","message":"Master bot webhook set","service":"nodejs-server"}
{"level":"info","message":"Main bot webhook set","service":"nodejs-server"}
{"level":"info","message":"Main bot webhook set","service":"nodejs-server"}
{"level":"info","message":"Master bot webhook set","service":"nodejs-server"}
{"level":"info","message":"Master bot webhook set","service":"nodejs-server"}
{"level":"info","message":"Main bot webhook set","service":"nodejs-server"}
{"level":"info","message":"Main bot webhook set","service":"nodejs-server"}
{"level":"info","message":"Master bot webhook set","service":"nodejs-server"}
{"level":"info","message":"Master bot webhook set","service":"nodejs-server"}
{"level":"info","message":"Main bot webhook set","service":"nodejs-server"}
{"level":"info","message":"Master bot webhook set","service":"nodejs-server"}
{"level":"info","message":"Main bot webhook set","service":"nodejs-server"}
{"level":"info","message":"Master bot webhook set","service":"nodejs-server"}
{"level":"info","message":"Main bot webhook set","service":"nodejs-server"}
{"level":"info","message":"Main bot webhook set","service":"nodejs-server"}
{"level":"info","message":"Master bot webhook set","service":"nodejs-server"}
{"level":"info","message":"Main bot webhook set","service":"nodejs-server"}
{"level":"info","message":"Master bot webhook set","service":"nodejs-server"}
{"level":"info","message":"Main bot webhook set","service":"nodejs-server"}
{"level":"info","message":"Master bot webhook set","service":"nodejs-server"}
{"level":"info","message":"Master bot webhook set","service":"nodejs-server"}
{"level":"info","message":"Main bot webhook set","service":"nodejs-server"}
{"level":"info","message":"Master bot webhook set","service":"nodejs-server"}
{"level":"info","message":"Main bot webhook set","service":"nodejs-server"}
{"level":"info","message":"Main bot webhook set","service":"nodejs-server"}
{"level":"info","message":"Master bot webhook set","service":"nodejs-server"}
{"level":"info","message":"Master bot webhook set","service":"nodejs-server"}
{"level":"info","message":"Main bot webhook set","service":"nodejs-server"}
{"level":"info","message":"Main bot webhook set","service":"nodejs-server"}
{"level":"info","message":"Master bot webhook set","service":"nodejs-server"}
{"level":"info","message":"Main bot webhook set","service":"nodejs-server"}
{"level":"info","message":"Master bot webhook set","service":"nodejs-server"}
{"level":"info","message":"Master bot webhook set","service":"nodejs-server"}
{"level":"info","message":"Main bot webhook set","service":"nodejs-server"}
{"level":"info","message":"Master bot webhook set","service":"nodejs-server"}
{"level":"info","message":"Main bot webhook set","service":"nodejs-server"}
{"level":"info","message":"Main bot webhook set","service":"nodejs-server"}
{"level":"info","message":"Master bot webhook set","service":"nodejs-server"}
{"level":"info","message":"Master bot webhook set","service":"nodejs-server"}
{"level":"info","message":"Main bot webhook set","service":"nodejs-server"}
{"level":"info","message":"Master bot webhook set","service":"nodejs-server"}
{"level":"info","message":"Main bot webhook set","service":"nodejs-server"}
{"level":"info","message":"Main bot webhook set","service":"nodejs-server"}
{"level":"info","message":"Master bot webhook set","service":"nodejs-server"}
{"level":"info","message":"Main bot webhook set","service":"nodejs-server"}
{"level":"info","message":"Master bot webhook set","service":"nodejs-server"}
{"level":"info","message":"Main bot webhook set","service":"nodejs-server"}
{"level":"info","message":"Master bot webhook set","service":"nodejs-server"}
{"level":"info","message":"Main bot webhook set","service":"nodejs-server"}
{"level":"info","message":"Master bot webhook set","service":"nodejs-server"}
{"level":"info","message":"Master bot webhook set","service":"nodejs-server"}
{"level":"info","message":"Main bot webhook set","service":"nodejs-server"}
{"level":"info","message":"Master bot webhook set","service":"nodejs-server"}
{"level":"info","message":"Main bot webhook set","service":"nodejs-server"}
{"level":"info","message":"Main bot webhook set","service":"nodejs-server"}
{"level":"info","message":"Master bot webhook set","service":"nodejs-server"}
{"level":"info","message":"Main bot webhook set","service":"nodejs-server"}
{"level":"info","message":"Master bot webhook set","service":"nodejs-server"}
{"level":"info","message":"Main bot webhook set","service":"nodejs-server"}
{"level":"info","message":"Master bot webhook set","service":"nodejs-server"}
{"level":"info","message":"Main bot webhook set","service":"nodejs-server"}
{"level":"info","message":"Master bot webhook set","service":"nodejs-server"}
{"level":"info","message":"Master bot webhook set","service":"nodejs-server"}
{"level":"info","message":"Main bot webhook set","service":"nodejs-server"}
{"level":"info","message":"Master bot webhook set","service":"nodejs-server"}
{"level":"info","message":"Main bot webhook set","service":"nodejs-server"}
{"level":"info","message":"Master bot webhook set","service":"nodejs-server"}
{"level":"info","message":"Main bot webhook set","service":"nodejs-server"}
{"level":"info","message":"Main bot webhook set","service":"nodejs-server"}
{"level":"info","message":"Master bot webhook set","service":"nodejs-server"}
{"level":"info","message":"Main bot webhook set","service":"nodejs-server"}
{"level":"info","message":"Master bot webhook set","service":"nodejs-server"}
{"level":"info","message":"Master bot webhook set","service":"nodejs-server"}
{"level":"info","message":"Main bot webhook set","service":"nodejs-server"}
{"level":"info","message":"Main bot webhook set","service":"nodejs-server"}
{"level":"info","message":"Master bot webhook set","service":"nodejs-server"}
{"level":"info","message":"Main bot webhook set","service":"nodejs-server"}
{"level":"info","message":"Master bot webhook set","service":"nodejs-server"}
{"level":"info","message":"Master bot webhook set","service":"nodejs-server"}
{"level":"info","message":"Main bot webhook set","service":"nodejs-server"}
{"level":"info","message":"Main bot webhook set","service":"nodejs-server"}
{"level":"info","message":"Master bot webhook set","service":"nodejs-server"}
{"level":"info","message":"Main bot webhook set","service":"nodejs-server"}
{"level":"info","message":"Master bot webhook set","service":"nodejs-server"}
{"level":"info","message":"Main bot webhook set","service":"nodejs-server"}
{"level":"info","message":"Master bot webhook set","service":"nodejs-server"}
{"level":"info","message":"Main bot webhook set","service":"nodejs-server"}
{"level":"info","message":"Master bot webhook set","service":"nodejs-server"}
{"level":"info","message":"Master bot webhook set","service":"nodejs-server"}
{"level":"info","message":"Main bot webhook set","service":"nodejs-server"}
{"level":"info","message":"Main bot webhook set","service":"nodejs-server"}
{"level":"info","message":"Master bot webhook set","service":"nodejs-server"}
{"level":"info","message":"Main bot webhook set","service":"nodejs-server"}
{"level":"info","message":"Master bot webhook set","service":"nodejs-server"}
{"level":"info","message":"Master bot webhook set","service":"nodejs-server"}
{"level":"info","message":"Main bot webhook set","service":"nodejs-server"}
{"level":"info","message":"Master bot webhook set","service":"nodejs-server"}
{"level":"info","message":"Main bot webhook set","service":"nodejs-server"}
{"level":"info","message":"Main bot webhook set","service":"nodejs-server"}
{"level":"info","message":"Master bot webhook set","service":"nodejs-server"}
{"level":"info","message":"Main bot webhook set","service":"nodejs-server"}
{"level":"info","message":"Master bot webhook set","service":"nodejs-server"}
{"level":"info","message":"Master bot webhook set","service":"nodejs-server"}
{"level":"info","message":"Main bot webhook set","service":"nodejs-server"}
{"level":"info","message":"Master bot webhook set","service":"nodejs-server"}
{"level":"info","message":"Main bot webhook set","service":"nodejs-server"}
{"level":"info","message":"Master bot webhook set","service":"nodejs-server"}
{"level":"info","message":"Main bot webhook set","service":"nodejs-server"}
{"level":"info","message":"Master bot webhook set","service":"nodejs-server"}
{"level":"info","message":"Main bot webhook set","service":"nodejs-server"}
{"level":"info","message":"Master bot webhook set","service":"nodejs-server"}
{"level":"info","message":"Main bot webhook set","service":"nodejs-server"}
{"level":"info","message":"Main bot webhook set","service":"nodejs-server"}
{"level":"info","message":"Master bot webhook set","service":"nodejs-server"}
{"level":"info","message":"Main bot webhook set","service":"nodejs-server"}
{"level":"info","message":"Master bot webhook set","service":"nodejs-server"}
{"level":"info","message":"Main bot webhook set","service":"nodejs-server"}
{"level":"info","message":"Master bot webhook set","service":"nodejs-server"}
{"level":"info","message":"Master bot webhook set","service":"nodejs-server"}
{"level":"info","message":"Main bot webhook set","service":"nodejs-server"}
{"level":"info","message":"Main bot webhook set","service":"nodejs-server"}
{"level":"info","message":"Master bot webhook set","service":"nodejs-server"}
{"level":"info","message":"Master bot webhook set","service":"nodejs-server"}
{"level":"info","message":"Main bot webhook set","service":"nodejs-server"}
{"level":"info","message":"Master bot webhook set","service":"nodejs-server"}
{"level":"info","message":"Main bot webhook set","service":"nodejs-server"}
{"level":"info","message":"Master bot webhook set","service":"nodejs-server"}
{"level":"info","message":"Main bot webhook set","service":"nodejs-server"}
{"level":"info","message":"Master bot webhook set","service":"nodejs-server"}
{"level":"info","message":"Main bot webhook set","service":"nodejs-server"}
{"level":"info","message":"Master bot webhook set","service":"nodejs-server"}
{"level":"info","message":"Main bot webhook set","service":"nodejs-server"}
{"level":"info","message":"Main bot webhook set","service":"nodejs-server"}
{"level":"info","message":"Master bot webhook set","service":"nodejs-server"}
{"level":"info","message":"Main bot webhook set","service":"nodejs-server"}
{"level":"info","message":"Master bot webhook set","service":"nodejs-server"}
{"level":"info","message":"Main bot webhook set","service":"nodejs-server"}
{"level":"info","message":"Master bot webhook set","service":"nodejs-server"}
{"level":"info","message":"Master bot webhook set","service":"nodejs-server"}
{"level":"info","message":"Main bot webhook set","service":"nodejs-server"}
{"level":"info","message":"Main bot webhook set","service":"nodejs-server"}
{"level":"info","message":"Master bot webhook set","service":"nodejs-server"}
{"level":"info","message":"Main bot webhook set","service":"nodejs-server"}
{"level":"info","message":"Master bot webhook set","service":"nodejs-server"}
{"level":"info","message":"Master bot webhook set","service":"nodejs-server"}
{"level":"info","message":"Main bot webhook set","service":"nodejs-server"}
{"level":"info","message":"Master bot webhook set","service":"nodejs-server"}
{"level":"info","message":"Main bot webhook set","service":"nodejs-server"}
{"level":"info","message":"Master bot webhook set","service":"nodejs-server"}
{"level":"info","message":"Main bot webhook set","service":"nodejs-server"}
{"level":"info","message":"Master bot webhook set","service":"nodejs-server"}
{"level":"info","message":"Main bot webhook set","service":"nodejs-server"}
{"level":"info","message":"Main bot webhook set","service":"nodejs-server"}
{"level":"info","message":"Master bot webhook set","service":"nodejs-server"}
{"level":"info","message":"Master bot webhook set","service":"nodejs-server"}
{"level":"info","message":"Main bot webhook set","service":"nodejs-server"}
{"level":"info","message":"Master bot webhook set","service":"nodejs-server"}
{"level":"info","message":"Main bot webhook set","service":"nodejs-server"}
{"level":"info","message":"Main bot webhook set","service":"nodejs-server"}
{"level":"info","message":"Master bot webhook set","service":"nodejs-server"}
{"level":"info","message":"Main bot webhook set","service":"nodejs-server"}
{"level":"info","message":"Master bot webhook set","service":"nodejs-server"}
{"level":"info","message":"Master bot webhook set","service":"nodejs-server"}
{"level":"info","message":"Main bot webhook set","service":"nodejs-server"}
{"level":"info","message":"Main bot webhook set","service":"nodejs-server"}
{"level":"info","message":"Master bot webhook set","service":"nodejs-server"}
{"level":"info","message":"Main bot webhook set","service":"nodejs-server"}
{"level":"info","message":"Master bot webhook set","service":"nodejs-server"}
{"level":"info","message":"Main bot webhook set","service":"nodejs-server"}
{"level":"info","message":"Master bot webhook set","service":"nodejs-server"}
{"level":"info","message":"Main bot webhook set","service":"nodejs-server"}
{"level":"info","message":"Master bot webhook set","service":"nodejs-server"}
{"level":"info","message":"Master bot webhook set","service":"nodejs-server"}
{"level":"info","message":"Main bot webhook set","service":"nodejs-server"}
{"level":"info","message":"Main bot webhook set","service":"nodejs-server"}
{"level":"info","message":"Master bot webhook set","service":"nodejs-server"}
{"level":"info","message":"Main bot webhook set","service":"nodejs-server"}
{"level":"info","message":"Master bot webhook set","service":"nodejs-server"}
{"level":"info","message":"Main bot webhook set","service":"nodejs-server"}
{"level":"info","message":"Master bot webhook set","service":"nodejs-server"}
{"level":"info","message":"Master bot webhook set","service":"nodejs-server"}
{"level":"info","message":"Main bot webhook set","service":"nodejs-server"}
{"level":"info","message":"Master bot webhook set","service":"nodejs-server"}
{"level":"info","message":"Main bot webhook set","service":"nodejs-server"}
{"level":"info","message":"Main bot webhook set","service":"nodejs-server"}
{"level":"info","message":"Master bot webhook set","service":"nodejs-server"}
{"level":"info","message":"Main bot webhook set","service":"nodejs-server"}
{"level":"info","message":"Master bot webhook set","service":"nodejs-server"}
{"level":"info","message":"Main bot webhook set","service":"nodejs-server"}
{"level":"info","message":"Master bot webhook set","service":"nodejs-server"}
{"level":"info","message":"Main bot webhook set","service":"nodejs-server"}
{"level":"info","message":"Master bot webhook set","service":"nodejs-server"}
{"level":"info","message":"Main bot webhook set","service":"nodejs-server"}
{"level":"info","message":"Master bot webhook set","service":"nodejs-server"}
{"level":"info","message":"Master bot webhook set","service":"nodejs-server"}
{"level":"info","message":"Main bot webhook set","service":"nodejs-server"}
{"level":"info","message":"Main bot webhook set","service":"nodejs-server"}
{"level":"info","message":"Master bot webhook set","service":"nodejs-server"}
{"level":"info","message":"Main bot webhook set","service":"nodejs-server"}
{"level":"info","message":"Master bot webhook set","service":"nodejs-server"}
{"level":"info","message":"Main bot webhook set","service":"nodejs-server"}
{"level":"info","message":"Master bot webhook set","service":"nodejs-server"}
{"level":"info","message":"Main bot webhook set","service":"nodejs-server"}
{"level":"info","message":"Master bot webhook set","service":"nodejs-server"}
{"level":"info","message":"Main bot webhook set","service":"nodejs-server"}
{"level":"info","message":"Master bot webhook set","service":"nodejs-server"}
{"level":"info","message":"Master bot webhook set","service":"nodejs-server"}
{"level":"info","message":"Main bot webhook set","service":"nodejs-server"}
{"level":"info","message":"Main bot webhook set","service":"nodejs-server"}
{"level":"info","message":"Master bot webhook set","service":"nodejs-server"}
{"level":"info","message":"Master bot webhook set","service":"nodejs-server"}
{"level":"info","message":"Main bot webhook set","service":"nodejs-server"}
{"level":"info","message":"Master bot webhook set","service":"nodejs-server"}
{"level":"info","message":"Main bot webhook set","service":"nodejs-server"}
{"level":"info","message":"Main bot webhook set","service":"nodejs-server"}
{"level":"info","message":"Master bot webhook set","service":"nodejs-server"}
{"level":"info","message":"Main bot webhook set","service":"nodejs-server"}
{"level":"info","message":"Master bot webhook set","service":"nodejs-server"}
{"level":"info","message":"Main bot webhook set","service":"nodejs-server"}
{"level":"info","message":"Master bot webhook set","service":"nodejs-server"}
